c:\users\b6054990\desktop\tech for games\build\ncltech\debug\ncltech.pdb
c:\users\b6054990\desktop\tech for games\build\ncltech\debug\ncltech.idb
c:\users\b6054990\desktop\tech for games\build\ncltech\debug\collisiondetectionsat.obj
c:\users\b6054990\desktop\tech for games\build\ncltech\debug\commonmeshes.obj
c:\users\b6054990\desktop\tech for games\build\ncltech\debug\commonutils.obj
c:\users\b6054990\desktop\tech for games\build\ncltech\debug\cuboidcollisionshape.obj
c:\users\b6054990\desktop\tech for games\build\ncltech\debug\networkbase.obj
c:\users\b6054990\desktop\tech for games\build\ncltech\debug\objectmeshdragable.obj
c:\users\b6054990\desktop\tech for games\build\ncltech\debug\ncldebug.obj
c:\users\b6054990\desktop\tech for games\build\ncltech\debug\object.obj
c:\users\b6054990\desktop\tech for games\build\ncltech\debug\hull.obj
c:\users\b6054990\desktop\tech for games\build\ncltech\debug\manifold.obj
c:\users\b6054990\desktop\tech for games\build\ncltech\debug\physicsengine.obj
c:\users\b6054990\desktop\tech for games\build\ncltech\debug\physicsobject.obj
c:\users\b6054990\desktop\tech for games\build\ncltech\debug\renderlist.obj
c:\users\b6054990\desktop\tech for games\build\ncltech\debug\scenemanager.obj
c:\users\b6054990\desktop\tech for games\build\ncltech\debug\scenerenderer.obj
c:\users\b6054990\desktop\tech for games\build\ncltech\debug\scene.obj
c:\users\b6054990\desktop\tech for games\build\ncltech\debug\screenpicker.obj
c:\users\b6054990\desktop\tech for games\build\ncltech\debug\objectmesh.obj
c:\users\b6054990\desktop\tech for games\build\ncltech\debug\spherecollisionshape.obj
c:\users\b6054990\desktop\tech_cw\build\ncltech\debug\ncltech.pdb
c:\users\b6054990\desktop\tech_cw\build\ncltech\debug\ncltech.idb
c:\users\b6054990\desktop\tech_cw\build\ncltech\debug\collisiondetectionsat.obj
c:\users\b6054990\desktop\tech_cw\build\ncltech\debug\commonmeshes.obj
c:\users\b6054990\desktop\tech_cw\build\ncltech\debug\commonutils.obj
c:\users\b6054990\desktop\tech_cw\build\ncltech\debug\cuboidcollisionshape.obj
c:\users\b6054990\desktop\tech_cw\build\ncltech\debug\networkbase.obj
c:\users\b6054990\desktop\tech_cw\build\ncltech\debug\objectmeshdragable.obj
c:\users\b6054990\desktop\tech_cw\build\ncltech\debug\ncldebug.obj
c:\users\b6054990\desktop\tech_cw\build\ncltech\debug\object.obj
c:\users\b6054990\desktop\tech_cw\build\ncltech\debug\hull.obj
c:\users\b6054990\desktop\tech_cw\build\ncltech\debug\manifold.obj
c:\users\b6054990\desktop\tech_cw\build\ncltech\debug\physicsengine.obj
c:\users\b6054990\desktop\tech_cw\build\ncltech\debug\physicsobject.obj
c:\users\b6054990\desktop\tech_cw\build\ncltech\debug\renderlist.obj
c:\users\b6054990\desktop\tech_cw\build\ncltech\debug\scenemanager.obj
c:\users\b6054990\desktop\tech_cw\build\ncltech\debug\scenerenderer.obj
c:\users\b6054990\desktop\tech_cw\build\ncltech\debug\scene.obj
c:\users\b6054990\desktop\tech_cw\build\ncltech\debug\screenpicker.obj
c:\users\b6054990\desktop\tech_cw\build\ncltech\debug\objectmesh.obj
c:\users\b6054990\desktop\tech_cw\build\ncltech\debug\spherecollisionshape.obj
c:\users\b6054990\desktop\tech for games\build\debug\ncltech.lib
c:\users\b6054990\desktop\tech_cw\build\debug\ncltech.lib
c:\users\b6054990\desktop\tech_cw\build\debug\ncltech.pdb
c:\users\b6054990\desktop\tech_cw\build\ncltech\debug\ncltech.tlog\cl.command.1.tlog
c:\users\b6054990\desktop\tech_cw\build\ncltech\debug\ncltech.tlog\cl.read.1.tlog
c:\users\b6054990\desktop\tech_cw\build\ncltech\debug\ncltech.tlog\cl.write.1.tlog
c:\users\b6054990\desktop\tech_cw\build\ncltech\debug\ncltech.tlog\lib-link.read.1.tlog
c:\users\b6054990\desktop\tech_cw\build\ncltech\debug\ncltech.tlog\lib-link.write.1.tlog
c:\users\b6054990\desktop\tech_cw\build\ncltech\debug\ncltech.tlog\lib.command.1.tlog
